<?xml version="1.0" encoding="UTF-8"?>
<!-- Generated by org.testng.reporters.JUnitReportReporter -->
<testsuite hostname="DESKTOP-NQN5Q3S" failures="0" tests="4" name="testPackage.TestClass1" time="47.016" errors="0" timestamp="2022-03-09T12:57:10 IST" skipped="0">
  <testcase classname="testPackage.TestClass1" name="Customer_Enroll" time="12.005"/>
  <system-out/>
  <testcase classname="testPackage.TestClass1" name="Select_plan" time="20.419"/>
  <system-out/>
  <testcase classname="testPackage.TestClass1" name="Reenter_Name" time="4.978"/>
  <system-out/>
  <testcase classname="testPackage.TestClass1" name="Payment" time="9.614"/>
  <system-out/>
</testsuite> <!-- testPackage.TestClass1 -->
