<?xml version="1.0" encoding="UTF-8"?>
<!-- Generated by org.testng.reporters.JUnitReportReporter -->
<testsuite hostname="DESKTOP-NQN5Q3S" failures="0" tests="4" name="testPackage.TestClass" time="38.979" errors="0" timestamp="2022-02-23T23:11:44 IST" skipped="0">
  <testcase classname="testPackage.TestClass" name="Customer_Enroll" time="5.132"/>
  <system-out/>
  <testcase classname="testPackage.TestClass" name="Select_plan" time="16.267"/>
  <system-out/>
  <testcase classname="testPackage.TestClass" name="Reenter_Name" time="7.085"/>
  <system-out/>
  <testcase classname="testPackage.TestClass" name="Payment" time="10.495"/>
  <system-out/>
</testsuite> <!-- testPackage.TestClass -->
